<?xml version="1.0" encoding="UTF-8"?>
<testsuite name="LinearizabilityTest" tests="1" skipped="0" failures="0" errors="0" timestamp="2021-01-15T11:32:45" hostname="MacBook-Pro-Daniil.local" time="16.491">
  <properties/>
  <testcase name="testLinearizability" classname="LinearizabilityTest" time="16.491"/>
  <system-out><![CDATA[Using 2/3 threads run 1/100 completed, seen 2 out of 2 results ...
Using 2/3 threads run 2/100 completed, seen 2 out of 2 results ...
Using 2/3 threads run 3/100 completed, seen 3 out of 3 results ...
Using 2/3 threads run 4/100 completed, seen 2 out of 2 results ...
Using 2/3 threads run 5/100 completed, seen 2 out of 2 results ...
Using 2/3 threads run 6/100 completed, seen 2 out of 2 results ...
Using 2/3 threads run 7/100 completed, seen 2 out of 2 results ...
Using 2/3 threads run 8/100 completed, seen 2 out of 2 results ...
Using 2/3 threads run 9/100 completed, seen 4 out of 4 results ...
Using 2/3 threads run 10/100 working, seen 3 out of 4 results ...
Using 2/3 threads run 10/100 completed, seen 4 out of 4 results ...
Using 2/3 threads run 11/100 working, seen 2 out of 3 results ...
Using 2/3 threads run 11/100 completed, seen 3 out of 3 results ...
Using 2/3 threads run 12/100 completed, seen 2 out of 2 results ...
Using 2/3 threads run 13/100 completed, seen 2 out of 2 results ...
Using 2/3 threads run 14/100 completed, seen 2 out of 2 results ...
Using 2/3 threads run 15/100 completed, seen 2 out of 2 results ...
Using 2/3 threads run 16/100 completed, seen 2 out of 2 results ...
Using 2/3 threads run 17/100 completed, seen 2 out of 2 results ...
Using 2/3 threads run 18/100 completed, seen 2 out of 2 results ...
Using 2/3 threads run 19/100 completed, seen 3 out of 3 results ...
Using 2/3 threads run 20/100 completed, seen 2 out of 2 results ...
Using 2/3 threads run 21/100 completed, seen 2 out of 2 results ...
Using 2/3 threads run 22/100 completed, seen 2 out of 2 results ...
Using 2/3 threads run 23/100 completed, seen 3 out of 3 results ...
Using 2/3 threads run 24/100 completed, seen 3 out of 3 results ...
Using 2/3 threads run 25/100 completed, seen 2 out of 2 results ...
Using 2/3 threads run 26/100 completed, seen 2 out of 2 results ...
Using 2/3 threads run 27/100 completed, seen 2 out of 2 results ...
Using 2/3 threads run 28/100 completed, seen 3 out of 3 results ...
Using 2/3 threads run 29/100 completed, seen 2 out of 2 results ...
Using 2/3 threads run 30/100 completed, seen 2 out of 2 results ...
Using 2/3 threads run 31/100 completed, seen 2 out of 2 results ...
Using 2/3 threads run 32/100 completed, seen 2 out of 2 results ...
Using 2/3 threads run 33/100 working, seen 5 out of 6 results ...
Using 2/3 threads run 33/100 completed, seen 6 out of 6 results ...
Using 2/3 threads run 34/100 completed, seen 4 out of 4 results ...
Using 2/3 threads run 35/100 completed, seen 2 out of 2 results ...
Using 2/3 threads run 36/100 completed, seen 2 out of 2 results ...
Using 2/3 threads run 37/100 completed, seen 2 out of 2 results ...
Using 2/3 threads run 38/100 working, seen 4 out of 5 results ...
Using 2/3 threads run 38/100 completed, seen 5 out of 5 results ...
Using 2/3 threads run 39/100 completed, seen 2 out of 2 results ...
Using 2/3 threads run 40/100 completed, seen 4 out of 4 results ...
Using 2/3 threads run 41/100 completed, seen 2 out of 2 results ...
Using 2/3 threads run 42/100 completed, seen 2 out of 2 results ...
Using 2/3 threads run 43/100 completed, seen 2 out of 2 results ...
Using 2/3 threads run 44/100 completed, seen 2 out of 2 results ...
Using 2/3 threads run 45/100 completed, seen 2 out of 2 results ...
Using 2/3 threads run 46/100 completed, seen 2 out of 2 results ...
Using 2/3 threads run 47/100 completed, seen 2 out of 2 results ...
Using 2/3 threads run 48/100 completed, seen 2 out of 2 results ...
Using 2/3 threads run 49/100 working, seen 2 out of 3 results ...
Using 2/3 threads run 49/100 completed, seen 3 out of 3 results ...
Using 2/3 threads run 50/100 completed, seen 2 out of 2 results ...
Using 2/3 threads run 51/100 completed, seen 2 out of 2 results ...
Using 2/3 threads run 52/100 completed, seen 2 out of 2 results ...
Using 2/3 threads run 53/100 completed, seen 2 out of 2 results ...
Using 2/3 threads run 54/100 completed, seen 2 out of 2 results ...
Using 2/3 threads run 55/100 completed, seen 2 out of 2 results ...
Using 2/3 threads run 56/100 completed, seen 3 out of 3 results ...
Using 2/3 threads run 57/100 completed, seen 2 out of 2 results ...
Using 2/3 threads run 58/100 completed, seen 2 out of 2 results ...
Using 2/3 threads run 59/100 completed, seen 3 out of 3 results ...
Using 2/3 threads run 60/100 completed, seen 2 out of 2 results ...
Using 2/3 threads run 61/100 working, seen 2 out of 3 results ...
Using 2/3 threads run 61/100 completed, seen 3 out of 3 results ...
Using 2/3 threads run 62/100 completed, seen 2 out of 2 results ...
Using 2/3 threads run 63/100 completed, seen 2 out of 2 results ...
Using 2/3 threads run 64/100 completed, seen 2 out of 2 results ...
Using 2/3 threads run 65/100 completed, seen 2 out of 2 results ...
Using 2/3 threads run 66/100 completed, seen 3 out of 3 results ...
Using 2/3 threads run 67/100 completed, seen 2 out of 2 results ...
Using 2/3 threads run 68/100 completed, seen 2 out of 2 results ...
Using 2/3 threads run 69/100 working, seen 2 out of 3 results ...
Using 2/3 threads run 69/100 completed, seen 3 out of 3 results ...
Using 2/3 threads run 70/100 completed, seen 2 out of 2 results ...
Using 2/3 threads run 71/100 completed, seen 3 out of 3 results ...
Using 2/3 threads run 72/100 completed, seen 2 out of 2 results ...
Using 2/3 threads run 73/100 completed, seen 2 out of 2 results ...
Using 2/3 threads run 74/100 completed, seen 2 out of 2 results ...
Using 2/3 threads run 75/100 completed, seen 2 out of 2 results ...
Using 2/3 threads run 76/100 completed, seen 2 out of 2 results ...
Using 2/3 threads run 77/100 completed, seen 2 out of 2 results ...
Using 2/3 threads run 78/100 completed, seen 3 out of 3 results ...
Using 2/3 threads run 79/100 completed, seen 2 out of 2 results ...
Using 2/3 threads run 80/100 completed, seen 2 out of 2 results ...
Using 2/3 threads run 81/100 completed, seen 2 out of 2 results ...
Using 2/3 threads run 82/100 completed, seen 2 out of 2 results ...
Using 2/3 threads run 83/100 completed, seen 2 out of 2 results ...
Using 2/3 threads run 84/100 completed, seen 2 out of 2 results ...
Using 2/3 threads run 85/100 completed, seen 3 out of 3 results ...
Using 2/3 threads run 86/100 completed, seen 2 out of 2 results ...
Using 2/3 threads run 87/100 completed, seen 2 out of 2 results ...
Using 2/3 threads run 88/100 working, seen 1 out of 2 results ...
Using 2/3 threads run 88/100 completed, seen 2 out of 2 results ...
Using 2/3 threads run 89/100 completed, seen 2 out of 2 results ...
Using 2/3 threads run 90/100 completed, seen 2 out of 2 results ...
Using 2/3 threads run 91/100 completed, seen 2 out of 2 results ...
Using 2/3 threads run 92/100 working, seen 2 out of 3 results ...
Using 2/3 threads run 92/100 completed, seen 3 out of 3 results ...
Using 2/3 threads run 93/100 completed, seen 2 out of 2 results ...
Using 2/3 threads run 94/100 completed, seen 2 out of 2 results ...
Using 2/3 threads run 95/100 completed, seen 2 out of 2 results ...
Using 2/3 threads run 96/100 completed, seen 2 out of 2 results ...
Using 2/3 threads run 97/100 completed, seen 2 out of 2 results ...
Using 2/3 threads run 98/100 completed, seen 2 out of 2 results ...
Using 2/3 threads run 99/100 working, seen 2 out of 3 results ...
Using 2/3 threads run 99/100 completed, seen 3 out of 3 results ...
Using 2/3 threads run 100/100 completed, seen 2 out of 2 results ...
Using 3/3 threads run 1/100 working, seen 7 out of 8 results ...
Using 3/3 threads run 1/100 completed, seen 8 out of 8 results ...
Using 3/3 threads run 2/100 working, seen 5 out of 6 results ...
Using 3/3 threads run 2/100 completed, seen 6 out of 6 results ...
Using 3/3 threads run 3/100 working, seen 6 out of 7 results ...
Using 3/3 threads run 3/100 completed, seen 7 out of 7 results ...
Using 3/3 threads run 4/100 completed, seen 3 out of 3 results ...
Using 3/3 threads run 5/100 completed, seen 6 out of 6 results ...
Using 3/3 threads run 6/100 working, seen 7 out of 8 results ...
Using 3/3 threads run 6/100 completed, seen 8 out of 8 results ...
Using 3/3 threads run 7/100 completed, seen 4 out of 4 results ...
Using 3/3 threads run 8/100 completed, seen 4 out of 4 results ...
Using 3/3 threads run 9/100 working, seen 8 out of 9 results ...
Using 3/3 threads run 9/100 completed, seen 9 out of 9 results ...
Using 3/3 threads run 10/100 completed, seen 4 out of 4 results ...
Using 3/3 threads run 11/100 completed, seen 4 out of 4 results ...
Using 3/3 threads run 12/100 completed, seen 4 out of 4 results ...
Using 3/3 threads run 13/100 working, seen 2 out of 3 results ...
Using 3/3 threads run 13/100 completed, seen 3 out of 3 results ...
Using 3/3 threads run 14/100 working, seen 5 out of 8 results ...
Using 3/3 threads run 14/100 completed, seen 8 out of 8 results ...
Using 3/3 threads run 15/100 completed, seen 5 out of 5 results ...
Using 3/3 threads run 16/100 completed, seen 6 out of 6 results ...
Using 3/3 threads run 17/100 completed, seen 4 out of 4 results ...
Using 3/3 threads run 18/100 working, seen 8 out of 12 results ...
Using 3/3 threads run 18/100 completed, seen 12 out of 12 results ...
Using 3/3 threads run 19/100 completed, seen 6 out of 6 results ...
Using 3/3 threads run 20/100 completed, seen 4 out of 4 results ...
Using 3/3 threads run 21/100 completed, seen 3 out of 3 results ...
Using 3/3 threads run 22/100 completed, seen 3 out of 3 results ...
Using 3/3 threads run 23/100 working, seen 6 out of 7 results ...
Using 3/3 threads run 23/100 completed, seen 7 out of 7 results ...
Using 3/3 threads run 24/100 completed, seen 4 out of 4 results ...
Using 3/3 threads run 25/100 completed, seen 4 out of 4 results ...
Using 3/3 threads run 26/100 completed, seen 3 out of 3 results ...
Using 3/3 threads run 27/100 working, seen 5 out of 9 results ...
Using 3/3 threads run 27/100 completed, seen 9 out of 9 results ...
Using 3/3 threads run 28/100 completed, seen 3 out of 3 results ...
Using 3/3 threads run 29/100 completed, seen 4 out of 4 results ...
Using 3/3 threads run 30/100 completed, seen 5 out of 5 results ...
Using 3/3 threads run 31/100 completed, seen 4 out of 4 results ...
Using 3/3 threads run 32/100 working, seen 10 out of 15 results ...
Using 3/3 threads run 32/100 completed, seen 15 out of 15 results ...
Using 3/3 threads run 33/100 completed, seen 3 out of 3 results ...
Using 3/3 threads run 34/100 completed, seen 6 out of 6 results ...
Using 3/3 threads run 35/100 completed, seen 4 out of 4 results ...
Using 3/3 threads run 36/100 completed, seen 6 out of 6 results ...
Using 3/3 threads run 37/100 completed, seen 5 out of 5 results ...
Using 3/3 threads run 38/100 working, seen 5 out of 6 results ...
Using 3/3 threads run 38/100 completed, seen 6 out of 6 results ...
Using 3/3 threads run 39/100 completed, seen 3 out of 3 results ...
Using 3/3 threads run 40/100 completed, seen 5 out of 5 results ...
Using 3/3 threads run 41/100 completed, seen 3 out of 3 results ...
Using 3/3 threads run 42/100 completed, seen 3 out of 3 results ...
Using 3/3 threads run 43/100 completed, seen 4 out of 4 results ...
Using 3/3 threads run 44/100 completed, seen 3 out of 3 results ...
Using 3/3 threads run 45/100 completed, seen 4 out of 4 results ...
Using 3/3 threads run 46/100 working, seen 6 out of 7 results ...
Using 3/3 threads run 46/100 completed, seen 7 out of 7 results ...
Using 3/3 threads run 47/100 completed, seen 6 out of 6 results ...
Using 3/3 threads run 48/100 completed, seen 10 out of 10 results ...
Using 3/3 threads run 49/100 working, seen 8 out of 9 results ...
Using 3/3 threads run 49/100 completed, seen 9 out of 9 results ...
Using 3/3 threads run 50/100 working, seen 8 out of 9 results ...
Using 3/3 threads run 50/100 completed, seen 9 out of 9 results ...
Using 3/3 threads run 51/100 completed, seen 4 out of 4 results ...
Using 3/3 threads run 52/100 completed, seen 3 out of 3 results ...
Using 3/3 threads run 53/100 completed, seen 4 out of 4 results ...
Using 3/3 threads run 54/100 completed, seen 3 out of 3 results ...
Using 3/3 threads run 55/100 completed, seen 7 out of 7 results ...
Using 3/3 threads run 56/100 completed, seen 5 out of 5 results ...
Using 3/3 threads run 57/100 completed, seen 5 out of 5 results ...
Using 3/3 threads run 58/100 completed, seen 5 out of 5 results ...
Using 3/3 threads run 59/100 completed, seen 3 out of 3 results ...
Using 3/3 threads run 60/100 completed, seen 4 out of 4 results ...
Using 3/3 threads run 61/100 completed, seen 3 out of 3 results ...
Using 3/3 threads run 62/100 completed, seen 6 out of 6 results ...
Using 3/3 threads run 63/100 completed, seen 5 out of 5 results ...
Using 3/3 threads run 64/100 completed, seen 5 out of 5 results ...
Using 3/3 threads run 65/100 completed, seen 4 out of 4 results ...
Using 3/3 threads run 66/100 completed, seen 4 out of 4 results ...
Using 3/3 threads run 67/100 completed, seen 5 out of 5 results ...
Using 3/3 threads run 68/100 completed, seen 4 out of 4 results ...
Using 3/3 threads run 69/100 working, seen 3 out of 4 results ...
Using 3/3 threads run 69/100 completed, seen 4 out of 4 results ...
Using 3/3 threads run 70/100 completed, seen 4 out of 4 results ...
Using 3/3 threads run 71/100 completed, seen 5 out of 5 results ...
Using 3/3 threads run 72/100 completed, seen 4 out of 4 results ...
Using 3/3 threads run 73/100 completed, seen 4 out of 4 results ...
Using 3/3 threads run 74/100 completed, seen 4 out of 4 results ...
Using 3/3 threads run 75/100 working, seen 5 out of 6 results ...
Using 3/3 threads run 75/100 completed, seen 6 out of 6 results ...
Using 3/3 threads run 76/100 completed, seen 4 out of 4 results ...
Using 3/3 threads run 77/100 completed, seen 4 out of 4 results ...
Using 3/3 threads run 78/100 working, seen 3 out of 4 results ...
Using 3/3 threads run 78/100 completed, seen 4 out of 4 results ...
Using 3/3 threads run 79/100 working, seen 4 out of 5 results ...
Using 3/3 threads run 79/100 completed, seen 5 out of 5 results ...
Using 3/3 threads run 80/100 completed, seen 5 out of 5 results ...
Using 3/3 threads run 81/100 working, seen 5 out of 6 results ...
Using 3/3 threads run 81/100 completed, seen 6 out of 6 results ...
Using 3/3 threads run 82/100 completed, seen 6 out of 6 results ...
Using 3/3 threads run 83/100 completed, seen 4 out of 4 results ...
Using 3/3 threads run 84/100 completed, seen 3 out of 3 results ...
Using 3/3 threads run 85/100 working, seen 4 out of 6 results ...
Using 3/3 threads run 85/100 completed, seen 6 out of 6 results ...
Using 3/3 threads run 86/100 completed, seen 6 out of 6 results ...
Using 3/3 threads run 87/100 working, seen 6 out of 7 results ...
Using 3/3 threads run 87/100 completed, seen 7 out of 7 results ...
Using 3/3 threads run 88/100 completed, seen 4 out of 4 results ...
Using 3/3 threads run 89/100 completed, seen 4 out of 4 results ...
Using 3/3 threads run 90/100 completed, seen 7 out of 7 results ...
Using 3/3 threads run 91/100 completed, seen 3 out of 3 results ...
Using 3/3 threads run 92/100 completed, seen 3 out of 3 results ...
Using 3/3 threads run 93/100 completed, seen 4 out of 4 results ...
Using 3/3 threads run 94/100 completed, seen 3 out of 3 results ...
Using 3/3 threads run 95/100 completed, seen 4 out of 4 results ...
Using 3/3 threads run 96/100 completed, seen 4 out of 4 results ...
Using 3/3 threads run 97/100 completed, seen 4 out of 4 results ...
Using 3/3 threads run 98/100 completed, seen 4 out of 4 results ...
Using 3/3 threads run 99/100 completed, seen 4 out of 4 results ...
Using 3/3 threads run 100/100 completed, seen 4 out of 4 results ...
All runs completed, seen 729 out of 729 (100%) results
]]></system-out>
  <system-err><![CDATA[]]></system-err>
</testsuite>
