<?xml version="1.0" encoding="UTF-8"?>
<testsuite name="BlockingStackTest" tests="1" skipped="0" failures="1" errors="0" timestamp="2020-12-30T10:18:46" hostname="MacBook-Pro-Daniil.local" time="7.171">
  <properties/>
  <testcase name="modelCheckingTest" classname="BlockingStackTest" time="7.171">
    <failure message="java.lang.IllegalStateException: Non-determinism found. Probably caused by non-deterministic code (WeakHashMap, Object.hashCode, etc).&#10;Reporting scenario without execution trace.&#10;= Invalid execution results =&#10;Init part:&#10;[add(2): void, peek(): 2, peek(): 2, poll(): 2, poll(): null]&#10;Parallel part:&#10;| poll():  null         | poll(): 6    [2,-,-] | add(6): void [3,-,-] |&#10;| add(-6): void [1,-,-] | poll(): null [3,1,3] | poll(): null [3,-,1] |&#10;| poll():  -6   [2,-,-] | poll(): null [3,2,3] | peek(): null [3,-,2] |&#10;Post part:&#10;[poll(): null, poll(): null, peek(): null, add(-8): void, poll(): -8]&#10;---&#10;values in &quot;[..]&quot; brackets indicate the number of completed operations &#10;in each of the parallel threads seen at the beginning of the current operation&#10;---&#10;&#10;" type="java.lang.IllegalStateException">java.lang.IllegalStateException: Non-determinism found. Probably caused by non-deterministic code (WeakHashMap, Object.hashCode, etc).
Reporting scenario without execution trace.
= Invalid execution results =
Init part:
[add(2): void, peek(): 2, peek(): 2, poll(): 2, poll(): null]
Parallel part:
| poll():  null         | poll(): 6    [2,-,-] | add(6): void [3,-,-] |
| add(-6): void [1,-,-] | poll(): null [3,1,3] | poll(): null [3,-,1] |
| poll():  -6   [2,-,-] | poll(): null [3,2,3] | peek(): null [3,-,2] |
Post part:
[poll(): null, poll(): null, peek(): null, add(-8): void, poll(): -8]
---
values in &quot;[..]&quot; brackets indicate the number of completed operations 
in each of the parallel threads seen at the beginning of the current operation
---


	at org.jetbrains.kotlinx.lincheck.strategy.managed.ManagedStrategy.collectTrace(ManagedStrategy.kt:222)
	at org.jetbrains.kotlinx.lincheck.strategy.managed.ManagedStrategy.checkResult(ManagedStrategy.kt:191)
	at org.jetbrains.kotlinx.lincheck.strategy.managed.modelchecking.ModelCheckingStrategy.runImpl(ModelCheckingStrategy.kt:74)
	at org.jetbrains.kotlinx.lincheck.strategy.managed.ManagedStrategy.run(ManagedStrategy.kt:134)
	at org.jetbrains.kotlinx.lincheck.LinChecker.run(LinChecker.kt:126)
	at org.jetbrains.kotlinx.lincheck.LinChecker.checkImpl(LinChecker.kt:73)
	at org.jetbrains.kotlinx.lincheck.LinChecker.checkImpl$lincheck(LinChecker.kt:60)
	at org.jetbrains.kotlinx.lincheck.LinChecker.check(LinChecker.kt:50)
	at org.jetbrains.kotlinx.lincheck.LinChecker$Companion.check(LinChecker.kt:182)
	at org.jetbrains.kotlinx.lincheck.LinCheckerKt.check(LinChecker.kt:195)
	at BlockingStackTest.modelCheckingTest(FCPriorityQueueTest.kt:31)
	at sun.reflect.NativeMethodAccessorImpl.invoke0(Native Method)
	at sun.reflect.NativeMethodAccessorImpl.invoke(NativeMethodAccessorImpl.java:62)
	at sun.reflect.DelegatingMethodAccessorImpl.invoke(DelegatingMethodAccessorImpl.java:43)
	at java.lang.reflect.Method.invoke(Method.java:498)
	at org.junit.runners.model.FrameworkMethod$1.runReflectiveCall(FrameworkMethod.java:50)
	at org.junit.internal.runners.model.ReflectiveCallable.run(ReflectiveCallable.java:12)
	at org.junit.runners.model.FrameworkMethod.invokeExplosively(FrameworkMethod.java:47)
	at org.junit.internal.runners.statements.InvokeMethod.evaluate(InvokeMethod.java:17)
	at org.junit.runners.ParentRunner.runLeaf(ParentRunner.java:325)
	at org.junit.runners.BlockJUnit4ClassRunner.runChild(BlockJUnit4ClassRunner.java:78)
	at org.junit.runners.BlockJUnit4ClassRunner.runChild(BlockJUnit4ClassRunner.java:57)
	at org.junit.runners.ParentRunner$3.run(ParentRunner.java:290)
	at org.junit.runners.ParentRunner$1.schedule(ParentRunner.java:71)
	at org.junit.runners.ParentRunner.runChildren(ParentRunner.java:288)
	at org.junit.runners.ParentRunner.access$000(ParentRunner.java:58)
	at org.junit.runners.ParentRunner$2.evaluate(ParentRunner.java:268)
	at org.junit.runners.ParentRunner.run(ParentRunner.java:363)
	at org.gradle.api.internal.tasks.testing.junit.JUnitTestClassExecutor.runTestClass(JUnitTestClassExecutor.java:110)
	at org.gradle.api.internal.tasks.testing.junit.JUnitTestClassExecutor.execute(JUnitTestClassExecutor.java:58)
	at org.gradle.api.internal.tasks.testing.junit.JUnitTestClassExecutor.execute(JUnitTestClassExecutor.java:38)
	at org.gradle.api.internal.tasks.testing.junit.AbstractJUnitTestClassProcessor.processTestClass(AbstractJUnitTestClassProcessor.java:62)
	at org.gradle.api.internal.tasks.testing.SuiteTestClassProcessor.processTestClass(SuiteTestClassProcessor.java:51)
	at sun.reflect.NativeMethodAccessorImpl.invoke0(Native Method)
	at sun.reflect.NativeMethodAccessorImpl.invoke(NativeMethodAccessorImpl.java:62)
	at sun.reflect.DelegatingMethodAccessorImpl.invoke(DelegatingMethodAccessorImpl.java:43)
	at java.lang.reflect.Method.invoke(Method.java:498)
	at org.gradle.internal.dispatch.ReflectionDispatch.dispatch(ReflectionDispatch.java:36)
	at org.gradle.internal.dispatch.ReflectionDispatch.dispatch(ReflectionDispatch.java:24)
	at org.gradle.internal.dispatch.ContextClassLoaderDispatch.dispatch(ContextClassLoaderDispatch.java:33)
	at org.gradle.internal.dispatch.ProxyDispatchAdapter$DispatchingInvocationHandler.invoke(ProxyDispatchAdapter.java:94)
	at com.sun.proxy.$Proxy2.processTestClass(Unknown Source)
	at org.gradle.api.internal.tasks.testing.worker.TestWorker.processTestClass(TestWorker.java:119)
	at sun.reflect.NativeMethodAccessorImpl.invoke0(Native Method)
	at sun.reflect.NativeMethodAccessorImpl.invoke(NativeMethodAccessorImpl.java:62)
	at sun.reflect.DelegatingMethodAccessorImpl.invoke(DelegatingMethodAccessorImpl.java:43)
	at java.lang.reflect.Method.invoke(Method.java:498)
	at org.gradle.internal.dispatch.ReflectionDispatch.dispatch(ReflectionDispatch.java:36)
	at org.gradle.internal.dispatch.ReflectionDispatch.dispatch(ReflectionDispatch.java:24)
	at org.gradle.internal.remote.internal.hub.MessageHubBackedObjectConnection$DispatchWrapper.dispatch(MessageHubBackedObjectConnection.java:182)
	at org.gradle.internal.remote.internal.hub.MessageHubBackedObjectConnection$DispatchWrapper.dispatch(MessageHubBackedObjectConnection.java:164)
	at org.gradle.internal.remote.internal.hub.MessageHub$Handler.run(MessageHub.java:414)
	at org.gradle.internal.concurrent.ExecutorPolicy$CatchAndRecordFailures.onExecute(ExecutorPolicy.java:64)
	at org.gradle.internal.concurrent.ManagedExecutorImpl$1.run(ManagedExecutorImpl.java:48)
	at java.util.concurrent.ThreadPoolExecutor.runWorker(ThreadPoolExecutor.java:1149)
	at java.util.concurrent.ThreadPoolExecutor$Worker.run(ThreadPoolExecutor.java:624)
	at org.gradle.internal.concurrent.ThreadFactoryImpl$ManagedThreadRunnable.run(ThreadFactoryImpl.java:56)
	at java.lang.Thread.run(Thread.java:748)
</failure>
  </testcase>
  <system-out><![CDATA[
= Iteration 1 / 100 =
Execution scenario (init part):
[add(2), peek(), peek(), poll(), poll()]
Execution scenario (parallel part):
| poll()  | poll() | add(6) |
| add(-6) | poll() | poll() |
| poll()  | poll() | peek() |
Execution scenario (post part):
[poll(), poll(), peek(), add(-8), poll()]
]]></system-out>
  <system-err><![CDATA[]]></system-err>
</testsuite>
