-------------------------------------------------------------------------------
Test set: stack.LinearizabilityTest
-------------------------------------------------------------------------------
Tests run: 1, Failures: 1, Errors: 0, Skipped: 0, Time elapsed: 3.612 sec <<< FAILURE!
test(stack.LinearizabilityTest)  Time elapsed: 3.382 sec  <<< FAILURE!
java.lang.AssertionError: Invalid interleaving found:
= Invalid execution results: =
Parallel part:
| pop(): 4 | push(4): void |
|          | pop():   4    |
	at org.jetbrains.kotlinx.lincheck.strategy.Strategy.verifyResults(Strategy.java:61)
	at org.jetbrains.kotlinx.lincheck.strategy.stress.StressStrategy.run(StressStrategy.java:90)
	at org.jetbrains.kotlinx.lincheck.LinChecker.runScenario(LinChecker.java:168)
	at org.jetbrains.kotlinx.lincheck.LinChecker.minimizeNewScenarioAttempt(LinChecker.java:143)
	at org.jetbrains.kotlinx.lincheck.LinChecker.minimizeScenario(LinChecker.java:136)
	at org.jetbrains.kotlinx.lincheck.LinChecker.minimizeNewScenarioAttempt(LinChecker.java:148)
	at org.jetbrains.kotlinx.lincheck.LinChecker.minimizeScenario(LinChecker.java:136)
	at org.jetbrains.kotlinx.lincheck.LinChecker.minimizeNewScenarioAttempt(LinChecker.java:148)
	at org.jetbrains.kotlinx.lincheck.LinChecker.minimizeScenario(LinChecker.java:136)
	at org.jetbrains.kotlinx.lincheck.LinChecker.minimizeNewScenarioAttempt(LinChecker.java:148)
	at org.jetbrains.kotlinx.lincheck.LinChecker.minimizeScenario(LinChecker.java:136)
	at org.jetbrains.kotlinx.lincheck.LinChecker.minimizeNewScenarioAttempt(LinChecker.java:148)
	at org.jetbrains.kotlinx.lincheck.LinChecker.minimizeScenario(LinChecker.java:136)
	at org.jetbrains.kotlinx.lincheck.LinChecker.minimizeNewScenarioAttempt(LinChecker.java:148)
	at org.jetbrains.kotlinx.lincheck.LinChecker.minimizeScenario(LinChecker.java:131)
	at org.jetbrains.kotlinx.lincheck.LinChecker.minimizeNewScenarioAttempt(LinChecker.java:148)
	at org.jetbrains.kotlinx.lincheck.LinChecker.minimizeScenario(LinChecker.java:131)
	at org.jetbrains.kotlinx.lincheck.LinChecker.minimizeNewScenarioAttempt(LinChecker.java:148)
	at org.jetbrains.kotlinx.lincheck.LinChecker.minimizeScenario(LinChecker.java:131)
	at org.jetbrains.kotlinx.lincheck.LinChecker.minimizeNewScenarioAttempt(LinChecker.java:148)
	at org.jetbrains.kotlinx.lincheck.LinChecker.minimizeScenario(LinChecker.java:131)
	at org.jetbrains.kotlinx.lincheck.LinChecker.minimizeNewScenarioAttempt(LinChecker.java:148)
	at org.jetbrains.kotlinx.lincheck.LinChecker.minimizeScenario(LinChecker.java:131)
	at org.jetbrains.kotlinx.lincheck.LinChecker.minimizeNewScenarioAttempt(LinChecker.java:148)
	at org.jetbrains.kotlinx.lincheck.LinChecker.minimizeScenario(LinChecker.java:125)
	at org.jetbrains.kotlinx.lincheck.LinChecker.minimizeNewScenarioAttempt(LinChecker.java:148)
	at org.jetbrains.kotlinx.lincheck.LinChecker.minimizeScenario(LinChecker.java:125)
	at org.jetbrains.kotlinx.lincheck.LinChecker.minimizeNewScenarioAttempt(LinChecker.java:148)
	at org.jetbrains.kotlinx.lincheck.LinChecker.minimizeScenario(LinChecker.java:125)
	at org.jetbrains.kotlinx.lincheck.LinChecker.minimizeNewScenarioAttempt(LinChecker.java:148)
	at org.jetbrains.kotlinx.lincheck.LinChecker.minimizeScenario(LinChecker.java:125)
	at org.jetbrains.kotlinx.lincheck.LinChecker.minimizeNewScenarioAttempt(LinChecker.java:148)
	at org.jetbrains.kotlinx.lincheck.LinChecker.minimizeScenario(LinChecker.java:125)
	at org.jetbrains.kotlinx.lincheck.LinChecker.minimizeNewScenarioAttempt(LinChecker.java:148)
	at org.jetbrains.kotlinx.lincheck.LinChecker.minimizeScenario(LinChecker.java:125)
	at org.jetbrains.kotlinx.lincheck.LinChecker.minimizeNewScenarioAttempt(LinChecker.java:148)
	at org.jetbrains.kotlinx.lincheck.LinChecker.minimizeScenario(LinChecker.java:125)
	at org.jetbrains.kotlinx.lincheck.LinChecker.checkImpl(LinChecker.java:106)
	at org.jetbrains.kotlinx.lincheck.LinChecker.lambda$check$0(LinChecker.java:86)
	at java.base/java.util.Collections$SingletonList.forEach(Collections.java:4933)
	at org.jetbrains.kotlinx.lincheck.LinChecker.check(LinChecker.java:84)
	at org.jetbrains.kotlinx.lincheck.LinChecker.check(LinChecker.java:74)
	at stack.LinearizabilityTest.test(LinearizabilityTest.java:25)
	at java.base/jdk.internal.reflect.NativeMethodAccessorImpl.invoke0(Native Method)
	at java.base/jdk.internal.reflect.NativeMethodAccessorImpl.invoke(NativeMethodAccessorImpl.java:64)
	at java.base/jdk.internal.reflect.DelegatingMethodAccessorImpl.invoke(DelegatingMethodAccessorImpl.java:43)
	at java.base/java.lang.reflect.Method.invoke(Method.java:564)
	at org.junit.runners.model.FrameworkMethod$1.runReflectiveCall(FrameworkMethod.java:50)
	at org.junit.internal.runners.model.ReflectiveCallable.run(ReflectiveCallable.java:12)
	at org.junit.runners.model.FrameworkMethod.invokeExplosively(FrameworkMethod.java:47)
	at org.junit.internal.runners.statements.InvokeMethod.evaluate(InvokeMethod.java:17)
	at org.junit.runners.ParentRunner.runLeaf(ParentRunner.java:325)
	at org.junit.runners.BlockJUnit4ClassRunner.runChild(BlockJUnit4ClassRunner.java:78)
	at org.junit.runners.BlockJUnit4ClassRunner.runChild(BlockJUnit4ClassRunner.java:57)
	at org.junit.runners.ParentRunner$3.run(ParentRunner.java:290)
	at org.junit.runners.ParentRunner$1.schedule(ParentRunner.java:71)
	at org.junit.runners.ParentRunner.runChildren(ParentRunner.java:288)
	at org.junit.runners.ParentRunner.access$000(ParentRunner.java:58)
	at org.junit.runners.ParentRunner$2.evaluate(ParentRunner.java:268)
	at org.junit.runners.ParentRunner.run(ParentRunner.java:363)
	at org.apache.maven.surefire.junit4.JUnit4Provider.execute(JUnit4Provider.java:252)
	at org.apache.maven.surefire.junit4.JUnit4Provider.executeTestSet(JUnit4Provider.java:141)
	at org.apache.maven.surefire.junit4.JUnit4Provider.invoke(JUnit4Provider.java:112)
	at java.base/jdk.internal.reflect.NativeMethodAccessorImpl.invoke0(Native Method)
	at java.base/jdk.internal.reflect.NativeMethodAccessorImpl.invoke(NativeMethodAccessorImpl.java:64)
	at java.base/jdk.internal.reflect.DelegatingMethodAccessorImpl.invoke(DelegatingMethodAccessorImpl.java:43)
	at java.base/java.lang.reflect.Method.invoke(Method.java:564)
	at org.apache.maven.surefire.util.ReflectionUtils.invokeMethodWithArray(ReflectionUtils.java:189)
	at org.apache.maven.surefire.booter.ProviderFactory$ProviderProxy.invoke(ProviderFactory.java:165)
	at org.apache.maven.surefire.booter.ProviderFactory.invokeProvider(ProviderFactory.java:85)
	at org.apache.maven.surefire.booter.ForkedBooter.runSuitesInProcess(ForkedBooter.java:115)
	at org.apache.maven.surefire.booter.ForkedBooter.main(ForkedBooter.java:75)

